[debug] [2021-05-24T13:26:13.099Z] ----------------------------------------------------------------------
[debug] [2021-05-24T13:26:13.103Z] Command:       C:\Program Files\nodejs\node.exe C:\Users\DELL\AppData\Roaming\npm\node_modules\firebase-tools\lib\bin\firebase.js init
[debug] [2021-05-24T13:26:13.105Z] CLI Version:   9.11.0
[debug] [2021-05-24T13:26:13.105Z] Platform:      win32
[debug] [2021-05-24T13:26:13.105Z] Node Version:  v14.16.1
[debug] [2021-05-24T13:26:13.106Z] Time:          Mon May 24 2021 18:56:13 GMT+0530 (India Standard Time)
[debug] [2021-05-24T13:26:13.107Z] ----------------------------------------------------------------------
[debug] 
[debug] [2021-05-24T13:26:13.112Z] >>> [apiv2][query] GET https://firebase-public.firebaseio.com/cli.json [none]
[debug] [2021-05-24T13:26:13.158Z] > command requires scopes: ["email","openid","https://www.googleapis.com/auth/cloudplatformprojects.readonly","https://www.googleapis.com/auth/firebase","https://www.googleapis.com/auth/cloud-platform"]
[debug] [2021-05-24T13:26:13.158Z] > authorizing via signed-in user (suganyanivas2k@gmail.com)
[info] 
     ######## #### ########  ######## ########     ###     ######  ########
     ##        ##  ##     ## ##       ##     ##  ##   ##  ##       ##
     ######    ##  ########  ######   ########  #########  ######  ######
     ##        ##  ##    ##  ##       ##     ## ##     ##       ## ##
     ##       #### ##     ## ######## ########  ##     ##  ######  ########

You're about to initialize a Firebase project in this directory:

  F:\react project\amazon-clone\amazon

[debug] [2021-05-24T13:26:14.245Z] <<< [apiv2][status] GET https://firebase-public.firebaseio.com/cli.json 200
[debug] [2021-05-24T13:26:14.246Z] <<< [apiv2][body] GET https://firebase-public.firebaseio.com/cli.json {"cloudBuildErrorAfter":1594252800000,"cloudBuildWarnAfter":1590019200000,"defaultNode10After":1594252800000,"minVersion":"3.0.5","node8DeploysDisabledAfter":1613390400000,"node8RuntimeDisabledAfter":1615809600000,"node8WarnAfter":1600128000000}
